This is pdfTeX, Version 3.14159265-2.6-1.40.16 (TeX Live 2015/Debian) (preloaded format=pdflatex 2019.2.5)  10 JUN 2019 11:06
entering extended mode
 restricted \write18 enabled.
 %&-line parsing enabled.
**diplomski_rad.tex
(./diplomski_rad.tex
LaTeX2e <2016/02/01>
Babel <3.9q> and hyphenation patterns for 81 language(s) loaded.
(./fer.cls
Document Class: fer 
(/usr/share/texlive/texmf-dist/tex/latex/base/report.cls
Document Class: report 2014/09/29 v1.4h Standard LaTeX document class
(/usr/share/texlive/texmf-dist/tex/latex/base/size12.clo
File: size12.clo 2014/09/29 v1.4h Standard LaTeX file (size option)
)
\c@part=\count79
\c@chapter=\count80
\c@section=\count81
\c@subsection=\count82
\c@subsubsection=\count83
\c@paragraph=\count84
\c@subparagraph=\count85
\c@figure=\count86
\c@table=\count87
\abovecaptionskip=\skip41
\belowcaptionskip=\skip42
\bibindent=\dimen102
)
(/usr/share/texlive/texmf-dist/tex/latex/geometry/geometry.sty
Package: geometry 2010/09/12 v5.6 Page Geometry

(/usr/share/texlive/texmf-dist/tex/latex/graphics/keyval.sty
Package: keyval 2014/10/28 v1.15 key=value parser (DPC)
\KV@toks@=\toks14
)
(/usr/share/texlive/texmf-dist/tex/generic/oberdiek/ifpdf.sty
Package: ifpdf 2011/01/30 v2.3 Provides the ifpdf switch (HO)
Package ifpdf Info: pdfTeX in PDF mode is detected.
)
(/usr/share/texlive/texmf-dist/tex/generic/oberdiek/ifvtex.sty
Package: ifvtex 2010/03/01 v1.5 Detect VTeX and its facilities (HO)
Package ifvtex Info: VTeX not detected.
)
(/usr/share/texlive/texmf-dist/tex/generic/ifxetex/ifxetex.sty
Package: ifxetex 2010/09/12 v0.6 Provides ifxetex conditional
)
\Gm@cnth=\count88
\Gm@cntv=\count89
\c@Gm@tempcnt=\count90
\Gm@bindingoffset=\dimen103
\Gm@wd@mp=\dimen104
\Gm@odd@mp=\dimen105
\Gm@even@mp=\dimen106
\Gm@layoutwidth=\dimen107
\Gm@layoutheight=\dimen108
\Gm@layouthoffset=\dimen109
\Gm@layoutvoffset=\dimen110
\Gm@dimlist=\toks15
)
(/usr/share/texlive/texmf-dist/tex/latex/base/inputenc.sty
Package: inputenc 2015/03/17 v1.2c Input encoding file
\inpenc@prehook=\toks16
\inpenc@posthook=\toks17

(/usr/share/texlive/texmf-dist/tex/latex/base/utf8.def
File: utf8.def 2015/12/03 v1.1r UTF-8 support for inputenc
Now handling font encoding OML ...
... no UTF-8 mapping file for font encoding OML
Now handling font encoding T1 ...
... processing UTF-8 mapping file for font encoding T1

(/usr/share/texlive/texmf-dist/tex/latex/base/t1enc.dfu
File: t1enc.dfu 2015/12/03 v1.1r UTF-8 support for inputenc
   defining Unicode char U+00A0 (decimal 160)
   defining Unicode char U+00A1 (decimal 161)
   defining Unicode char U+00A3 (decimal 163)
   defining Unicode char U+00AB (decimal 171)
   defining Unicode char U+00AD (decimal 173)
   defining Unicode char U+00BB (decimal 187)
   defining Unicode char U+00BF (decimal 191)
   defining Unicode char U+00C0 (decimal 192)
   defining Unicode char U+00C1 (decimal 193)
   defining Unicode char U+00C2 (decimal 194)
   defining Unicode char U+00C3 (decimal 195)
   defining Unicode char U+00C4 (decimal 196)
   defining Unicode char U+00C5 (decimal 197)
   defining Unicode char U+00C6 (decimal 198)
   defining Unicode char U+00C7 (decimal 199)
   defining Unicode char U+00C8 (decimal 200)
   defining Unicode char U+00C9 (decimal 201)
   defining Unicode char U+00CA (decimal 202)
   defining Unicode char U+00CB (decimal 203)
   defining Unicode char U+00CC (decimal 204)
   defining Unicode char U+00CD (decimal 205)
   defining Unicode char U+00CE (decimal 206)
   defining Unicode char U+00CF (decimal 207)
   defining Unicode char U+00D0 (decimal 208)
   defining Unicode char U+00D1 (decimal 209)
   defining Unicode char U+00D2 (decimal 210)
   defining Unicode char U+00D3 (decimal 211)
   defining Unicode char U+00D4 (decimal 212)
   defining Unicode char U+00D5 (decimal 213)
   defining Unicode char U+00D6 (decimal 214)
   defining Unicode char U+00D8 (decimal 216)
   defining Unicode char U+00D9 (decimal 217)
   defining Unicode char U+00DA (decimal 218)
   defining Unicode char U+00DB (decimal 219)
   defining Unicode char U+00DC (decimal 220)
   defining Unicode char U+00DD (decimal 221)
   defining Unicode char U+00DE (decimal 222)
   defining Unicode char U+00DF (decimal 223)
   defining Unicode char U+00E0 (decimal 224)
   defining Unicode char U+00E1 (decimal 225)
   defining Unicode char U+00E2 (decimal 226)
   defining Unicode char U+00E3 (decimal 227)
   defining Unicode char U+00E4 (decimal 228)
   defining Unicode char U+00E5 (decimal 229)
   defining Unicode char U+00E6 (decimal 230)
   defining Unicode char U+00E7 (decimal 231)
   defining Unicode char U+00E8 (decimal 232)
   defining Unicode char U+00E9 (decimal 233)
   defining Unicode char U+00EA (decimal 234)
   defining Unicode char U+00EB (decimal 235)
   defining Unicode char U+00EC (decimal 236)
   defining Unicode char U+00ED (decimal 237)
   defining Unicode char U+00EE (decimal 238)
   defining Unicode char U+00EF (decimal 239)
   defining Unicode char U+00F0 (decimal 240)
   defining Unicode char U+00F1 (decimal 241)
   defining Unicode char U+00F2 (decimal 242)
   defining Unicode char U+00F3 (decimal 243)
   defining Unicode char U+00F4 (decimal 244)
   defining Unicode char U+00F5 (decimal 245)
   defining Unicode char U+00F6 (decimal 246)
   defining Unicode char U+00F8 (decimal 248)
   defining Unicode char U+00F9 (decimal 249)
   defining Unicode char U+00FA (decimal 250)
   defining Unicode char U+00FB (decimal 251)
   defining Unicode char U+00FC (decimal 252)
   defining Unicode char U+00FD (decimal 253)
   defining Unicode char U+00FE (decimal 254)
   defining Unicode char U+00FF (decimal 255)
   defining Unicode char U+0100 (decimal 256)
   defining Unicode char U+0101 (decimal 257)
   defining Unicode char U+0102 (decimal 258)
   defining Unicode char U+0103 (decimal 259)
   defining Unicode char U+0104 (decimal 260)
   defining Unicode char U+0105 (decimal 261)
   defining Unicode char U+0106 (decimal 262)
   defining Unicode char U+0107 (decimal 263)
   defining Unicode char U+0108 (decimal 264)
   defining Unicode char U+0109 (decimal 265)
   defining Unicode char U+010A (decimal 266)
   defining Unicode char U+010B (decimal 267)
   defining Unicode char U+010C (decimal 268)
   defining Unicode char U+010D (decimal 269)
   defining Unicode char U+010E (decimal 270)
   defining Unicode char U+010F (decimal 271)
   defining Unicode char U+0110 (decimal 272)
   defining Unicode char U+0111 (decimal 273)
   defining Unicode char U+0112 (decimal 274)
   defining Unicode char U+0113 (decimal 275)
   defining Unicode char U+0114 (decimal 276)
   defining Unicode char U+0115 (decimal 277)
   defining Unicode char U+0116 (decimal 278)
   defining Unicode char U+0117 (decimal 279)
   defining Unicode char U+0118 (decimal 280)
   defining Unicode char U+0119 (decimal 281)
   defining Unicode char U+011A (decimal 282)
   defining Unicode char U+011B (decimal 283)
   defining Unicode char U+011C (decimal 284)
   defining Unicode char U+011D (decimal 285)
   defining Unicode char U+011E (decimal 286)
   defining Unicode char U+011F (decimal 287)
   defining Unicode char U+0120 (decimal 288)
   defining Unicode char U+0121 (decimal 289)
   defining Unicode char U+0122 (decimal 290)
   defining Unicode char U+0123 (decimal 291)
   defining Unicode char U+0124 (decimal 292)
   defining Unicode char U+0125 (decimal 293)
   defining Unicode char U+0128 (decimal 296)
   defining Unicode char U+0129 (decimal 297)
   defining Unicode char U+012A (decimal 298)
   defining Unicode char U+012B (decimal 299)
   defining Unicode char U+012C (decimal 300)
   defining Unicode char U+012D (decimal 301)
   defining Unicode char U+012E (decimal 302)
   defining Unicode char U+012F (decimal 303)
   defining Unicode char U+0130 (decimal 304)
   defining Unicode char U+0131 (decimal 305)
   defining Unicode char U+0132 (decimal 306)
   defining Unicode char U+0133 (decimal 307)
   defining Unicode char U+0134 (decimal 308)
   defining Unicode char U+0135 (decimal 309)
   defining Unicode char U+0136 (decimal 310)
   defining Unicode char U+0137 (decimal 311)
   defining Unicode char U+0139 (decimal 313)
   defining Unicode char U+013A (decimal 314)
   defining Unicode char U+013B (decimal 315)
   defining Unicode char U+013C (decimal 316)
   defining Unicode char U+013D (decimal 317)
   defining Unicode char U+013E (decimal 318)
   defining Unicode char U+0141 (decimal 321)
   defining Unicode char U+0142 (decimal 322)
   defining Unicode char U+0143 (decimal 323)
   defining Unicode char U+0144 (decimal 324)
   defining Unicode char U+0145 (decimal 325)
   defining Unicode char U+0146 (decimal 326)
   defining Unicode char U+0147 (decimal 327)
   defining Unicode char U+0148 (decimal 328)
   defining Unicode char U+014A (decimal 330)
   defining Unicode char U+014B (decimal 331)
   defining Unicode char U+014C (decimal 332)
   defining Unicode char U+014D (decimal 333)
   defining Unicode char U+014E (decimal 334)
   defining Unicode char U+014F (decimal 335)
   defining Unicode char U+0150 (decimal 336)
   defining Unicode char U+0151 (decimal 337)
   defining Unicode char U+0152 (decimal 338)
   defining Unicode char U+0153 (decimal 339)
   defining Unicode char U+0154 (decimal 340)
   defining Unicode char U+0155 (decimal 341)
   defining Unicode char U+0156 (decimal 342)
   defining Unicode char U+0157 (decimal 343)
   defining Unicode char U+0158 (decimal 344)
   defining Unicode char U+0159 (decimal 345)
   defining Unicode char U+015A (decimal 346)
   defining Unicode char U+015B (decimal 347)
   defining Unicode char U+015C (decimal 348)
   defining Unicode char U+015D (decimal 349)
   defining Unicode char U+015E (decimal 350)
   defining Unicode char U+015F (decimal 351)
   defining Unicode char U+0160 (decimal 352)
   defining Unicode char U+0161 (decimal 353)
   defining Unicode char U+0162 (decimal 354)
   defining Unicode char U+0163 (decimal 355)
   defining Unicode char U+0164 (decimal 356)
   defining Unicode char U+0165 (decimal 357)
   defining Unicode char U+0168 (decimal 360)
   defining Unicode char U+0169 (decimal 361)
   defining Unicode char U+016A (decimal 362)
   defining Unicode char U+016B (decimal 363)
   defining Unicode char U+016C (decimal 364)
   defining Unicode char U+016D (decimal 365)
   defining Unicode char U+016E (decimal 366)
   defining Unicode char U+016F (decimal 367)
   defining Unicode char U+0170 (decimal 368)
   defining Unicode char U+0171 (decimal 369)
   defining Unicode char U+0172 (decimal 370)
   defining Unicode char U+0173 (decimal 371)
   defining Unicode char U+0174 (decimal 372)
   defining Unicode char U+0175 (decimal 373)
   defining Unicode char U+0176 (decimal 374)
   defining Unicode char U+0177 (decimal 375)
   defining Unicode char U+0178 (decimal 376)
   defining Unicode char U+0179 (decimal 377)
   defining Unicode char U+017A (decimal 378)
   defining Unicode char U+017B (decimal 379)
   defining Unicode char U+017C (decimal 380)
   defining Unicode char U+017D (decimal 381)
   defining Unicode char U+017E (decimal 382)
   defining Unicode char U+01CD (decimal 461)
   defining Unicode char U+01CE (decimal 462)
   defining Unicode char U+01CF (decimal 463)
   defining Unicode char U+01D0 (decimal 464)
   defining Unicode char U+01D1 (decimal 465)
   defining Unicode char U+01D2 (decimal 466)
   defining Unicode char U+01D3 (decimal 467)
   defining Unicode char U+01D4 (decimal 468)
   defining Unicode char U+01E2 (decimal 482)
   defining Unicode char U+01E3 (decimal 483)
   defining Unicode char U+01E6 (decimal 486)
   defining Unicode char U+01E7 (decimal 487)
   defining Unicode char U+01E8 (decimal 488)
   defining Unicode char U+01E9 (decimal 489)
   defining Unicode char U+01EA (decimal 490)
   defining Unicode char U+01EB (decimal 491)
   defining Unicode char U+01F0 (decimal 496)
   defining Unicode char U+01F4 (decimal 500)
   defining Unicode char U+01F5 (decimal 501)
   defining Unicode char U+0218 (decimal 536)
   defining Unicode char U+0219 (decimal 537)
   defining Unicode char U+021A (decimal 538)
   defining Unicode char U+021B (decimal 539)
   defining Unicode char U+01E02 (decimal 7682)
   defining Unicode char U+01E03 (decimal 7683)
   defining Unicode char U+200C (decimal 8204)
   defining Unicode char U+2013 (decimal 8211)
   defining Unicode char U+2014 (decimal 8212)
   defining Unicode char U+2018 (decimal 8216)
   defining Unicode char U+2019 (decimal 8217)
   defining Unicode char U+201A (decimal 8218)
   defining Unicode char U+201C (decimal 8220)
   defining Unicode char U+201D (decimal 8221)
   defining Unicode char U+201E (decimal 8222)
   defining Unicode char U+2030 (decimal 8240)
   defining Unicode char U+2031 (decimal 8241)
   defining Unicode char U+2039 (decimal 8249)
   defining Unicode char U+203A (decimal 8250)
   defining Unicode char U+2423 (decimal 9251)
)
Now handling font encoding OT1 ...
... processing UTF-8 mapping file for font encoding OT1

(/usr/share/texlive/texmf-dist/tex/latex/base/ot1enc.dfu
File: ot1enc.dfu 2015/12/03 v1.1r UTF-8 support for inputenc
   defining Unicode char U+00A0 (decimal 160)
   defining Unicode char U+00A1 (decimal 161)
   defining Unicode char U+00A3 (decimal 163)
   defining Unicode char U+00AD (decimal 173)
   defining Unicode char U+00B8 (decimal 184)
   defining Unicode char U+00BF (decimal 191)
   defining Unicode char U+00C5 (decimal 197)
   defining Unicode char U+00C6 (decimal 198)
   defining Unicode char U+00D8 (decimal 216)
   defining Unicode char U+00DF (decimal 223)
   defining Unicode char U+00E6 (decimal 230)
   defining Unicode char U+00EC (decimal 236)
   defining Unicode char U+00ED (decimal 237)
   defining Unicode char U+00EE (decimal 238)
   defining Unicode char U+00EF (decimal 239)
   defining Unicode char U+00F8 (decimal 248)
   defining Unicode char U+0131 (decimal 305)
   defining Unicode char U+0141 (decimal 321)
   defining Unicode char U+0142 (decimal 322)
   defining Unicode char U+0152 (decimal 338)
   defining Unicode char U+0153 (decimal 339)
   defining Unicode char U+0174 (decimal 372)
   defining Unicode char U+0175 (decimal 373)
   defining Unicode char U+0176 (decimal 374)
   defining Unicode char U+0177 (decimal 375)
   defining Unicode char U+0218 (decimal 536)
   defining Unicode char U+0219 (decimal 537)
   defining Unicode char U+021A (decimal 538)
   defining Unicode char U+021B (decimal 539)
   defining Unicode char U+2013 (decimal 8211)
   defining Unicode char U+2014 (decimal 8212)
   defining Unicode char U+2018 (decimal 8216)
   defining Unicode char U+2019 (decimal 8217)
   defining Unicode char U+201C (decimal 8220)
   defining Unicode char U+201D (decimal 8221)
)
Now handling font encoding OMS ...
... processing UTF-8 mapping file for font encoding OMS

(/usr/share/texlive/texmf-dist/tex/latex/base/omsenc.dfu
File: omsenc.dfu 2015/12/03 v1.1r UTF-8 support for inputenc
   defining Unicode char U+00A7 (decimal 167)
   defining Unicode char U+00B6 (decimal 182)
   defining Unicode char U+00B7 (decimal 183)
   defining Unicode char U+2020 (decimal 8224)
   defining Unicode char U+2021 (decimal 8225)
   defining Unicode char U+2022 (decimal 8226)
)
Now handling font encoding OMX ...
... no UTF-8 mapping file for font encoding OMX
Now handling font encoding U ...
... no UTF-8 mapping file for font encoding U
   defining Unicode char U+00A9 (decimal 169)
   defining Unicode char U+00AA (decimal 170)
   defining Unicode char U+00AE (decimal 174)
   defining Unicode char U+00BA (decimal 186)
   defining Unicode char U+02C6 (decimal 710)
   defining Unicode char U+02DC (decimal 732)
   defining Unicode char U+200C (decimal 8204)
   defining Unicode char U+2026 (decimal 8230)
   defining Unicode char U+2122 (decimal 8482)
   defining Unicode char U+2423 (decimal 9251)
))
(/usr/share/texlive/texmf-dist/tex/generic/babel/babel.sty
Package: babel 2016/02/24 3.9q The Babel package

(/usr/share/texlive/texmf-dist/tex/generic/babel-croatian/croatian.ldf
Language: croatian 2014/03/31 v1.3m Croatian support from the babel system

(/usr/share/texlive/texmf-dist/tex/generic/babel/babel.def
File: babel.def 2016/02/24 3.9q Babel common definitions
\babel@savecnt=\count91
\U@D=\dimen111
)))
(/usr/share/texlive/texmf-dist/tex/latex/base/fontenc.sty
Package: fontenc 2005/09/27 v1.99g Standard LaTeX package

(/usr/share/texlive/texmf-dist/tex/latex/base/t1enc.def
File: t1enc.def 2005/09/27 v1.99g Standard LaTeX file
LaTeX Font Info:    Redeclaring font encoding T1 on input line 48.
))
(/usr/share/texlive/texmf-dist/tex/latex/graphics/graphicx.sty
Package: graphicx 2014/10/28 v1.0g Enhanced LaTeX Graphics (DPC,SPQR)

(/usr/share/texlive/texmf-dist/tex/latex/graphics/graphics.sty
Package: graphics 2016/01/03 v1.0q Standard LaTeX Graphics (DPC,SPQR)

(/usr/share/texlive/texmf-dist/tex/latex/graphics/trig.sty
Package: trig 2016/01/03 v1.10 sin cos tan (DPC)
)
(/usr/share/texlive/texmf-dist/tex/latex/latexconfig/graphics.cfg
File: graphics.cfg 2010/04/23 v1.9 graphics configuration of TeX Live
)
Package graphics Info: Driver file: pdftex.def on input line 95.

(/usr/share/texlive/texmf-dist/tex/latex/pdftex-def/pdftex.def
File: pdftex.def 2011/05/27 v0.06d Graphics/color for pdfTeX

(/usr/share/texlive/texmf-dist/tex/generic/oberdiek/infwarerr.sty
Package: infwarerr 2010/04/08 v1.3 Providing info/warning/error messages (HO)
)
(/usr/share/texlive/texmf-dist/tex/generic/oberdiek/ltxcmds.sty
Package: ltxcmds 2011/11/09 v1.22 LaTeX kernel commands for general use (HO)
)
\Gread@gobject=\count92
))
\Gin@req@height=\dimen112
\Gin@req@width=\dimen113
)
(/usr/share/texlive/texmf-dist/tex/latex/amsfonts/amssymb.sty
Package: amssymb 2013/01/14 v3.01 AMS font symbols

(/usr/share/texlive/texmf-dist/tex/latex/amsfonts/amsfonts.sty
Package: amsfonts 2013/01/14 v3.01 Basic AMSFonts support
\@emptytoks=\toks18
\symAMSa=\mathgroup4
\symAMSb=\mathgroup5
LaTeX Font Info:    Overwriting math alphabet `\mathfrak' in version `bold'
(Font)                  U/euf/m/n --> U/euf/b/n on input line 106.
))
(/usr/share/texlive/texmf-dist/tex/latex/amsmath/amsmath.sty
Package: amsmath 2016/03/03 v2.15a AMS math features
\@mathmargin=\skip43

For additional information on amsmath, use the `?' option.
(/usr/share/texlive/texmf-dist/tex/latex/amsmath/amstext.sty
Package: amstext 2000/06/29 v2.01 AMS text

(/usr/share/texlive/texmf-dist/tex/latex/amsmath/amsgen.sty
File: amsgen.sty 1999/11/30 v2.0 generic functions
\@emptytoks=\toks19
\ex@=\dimen114
))
(/usr/share/texlive/texmf-dist/tex/latex/amsmath/amsbsy.sty
Package: amsbsy 1999/11/29 v1.2d Bold Symbols
\pmbraise@=\dimen115
)
(/usr/share/texlive/texmf-dist/tex/latex/amsmath/amsopn.sty
Package: amsopn 1999/12/14 v2.01 operator names
)
\inf@bad=\count93
LaTeX Info: Redefining \frac on input line 199.
\uproot@=\count94
\leftroot@=\count95
LaTeX Info: Redefining \overline on input line 297.
\classnum@=\count96
\DOTSCASE@=\count97
LaTeX Info: Redefining \ldots on input line 394.
LaTeX Info: Redefining \dots on input line 397.
LaTeX Info: Redefining \cdots on input line 518.
\Mathstrutbox@=\box26
\strutbox@=\box27
\big@size=\dimen116
LaTeX Font Info:    Redeclaring font encoding OML on input line 630.
LaTeX Font Info:    Redeclaring font encoding OMS on input line 631.
\macc@depth=\count98
\c@MaxMatrixCols=\count99
\dotsspace@=\muskip10
\c@parentequation=\count100
\dspbrk@lvl=\count101
\tag@help=\toks20
\row@=\count102
\column@=\count103
\maxfields@=\count104
\andhelp@=\toks21
\eqnshift@=\dimen117
\alignsep@=\dimen118
\tagshift@=\dimen119
\tagwidth@=\dimen120
\totwidth@=\dimen121
\lineht@=\dimen122
\@envbody=\toks22
\multlinegap=\skip44
\multlinetaggap=\skip45
\mathdisplay@stack=\toks23
LaTeX Info: Redefining \[ on input line 2735.
LaTeX Info: Redefining \] on input line 2736.
)
(/usr/share/texlive/texmf-dist/tex/latex/base/fixltx2e.sty
Package: fixltx2e 2015/06/22 v2.0b fixes to LaTeX (obsolete)


Package fixltx2e Warning: fixltx2e is not required with releases after 2015
(fixltx2e)                All fixes are now in the LaTeX kernel.
(fixltx2e)                See the latexrelease package for details.

) (/usr/share/texlive/texmf-dist/tex/latex/caption/caption.sty
Package: caption 2016/02/21 v3.3-144 Customizing captions (AR)

(/usr/share/texlive/texmf-dist/tex/latex/caption/caption3.sty
Package: caption3 2016/02/04 v1.7-139 caption3 kernel (AR)
Package caption3 Info: TeX engine: e-TeX on input line 67.
\captionmargin=\dimen123
\captionmargin@=\dimen124
\captionwidth=\dimen125
\caption@tempdima=\dimen126
\caption@indent=\dimen127
\caption@parindent=\dimen128
\caption@hangindent=\dimen129
)
\c@ContinuedFloat=\count105
)
(/usr/share/texlive/texmf-dist/tex/latex/base/ifthen.sty
Package: ifthen 2014/09/29 v1.1c Standard LaTeX ifthen package (DPC)
)
(/usr/share/texlive/texmf-dist/tex/latex/url/url.sty
\Urlmuskip=\muskip11
Package: url 2013/09/16  ver 3.4  Verb mode for urls, etc.
)
(/usr/share/texlive/texmf-dist/tex/latex/enumitem/enumitem.sty
Package: enumitem 2011/09/28 v3.5.2 Customized lists
\labelindent=\skip46
\enit@outerparindent=\dimen130
\enit@toks=\toks24
\enit@inbox=\box28
\enitdp@description=\count106
)
(/usr/share/texlive/texmf-dist/tex/latex/tocbibind/tocbibind.sty
Package: tocbibind 2010/10/13 v1.5k extra ToC listings
Package tocbibind Info: The document has chapter divisions on input line 50.


Package tocbibind Note: Using chapter style headings, unless overridden.

) (/usr/share/texlive/texmf-dist/tex/latex/psnfss/times.sty
Package: times 2005/04/12 PSNFSS-v9.2a (SPQR) 
)
(/usr/share/texlive/texmf-dist/tex/latex/natbib/natbib.sty
Package: natbib 2010/09/13 8.31b (PWD, AO)
\bibhang=\skip47
\bibsep=\skip48
LaTeX Info: Redefining \cite on input line 694.
\c@NAT@ctr=\count107
)
\listindentation=\dimen131
)
(/usr/share/texlive/texmf-dist/tex/latex/booktabs/booktabs.sty
Package: booktabs 2005/04/14 v1.61803 publication quality tables
\heavyrulewidth=\dimen132
\lightrulewidth=\dimen133
\cmidrulewidth=\dimen134
\belowrulesep=\dimen135
\belowbottomsep=\dimen136
\aboverulesep=\dimen137
\abovetopsep=\dimen138
\cmidrulesep=\dimen139
\cmidrulekern=\dimen140
\defaultaddspace=\dimen141
\@cmidla=\count108
\@cmidlb=\count109
\@aboverulesep=\dimen142
\@belowrulesep=\dimen143
\@thisruleclass=\count110
\@lastruleclass=\count111
\@thisrulewidth=\dimen144
)
(/usr/share/texlive/texmf-dist/tex/latex/cite/cite.sty
LaTeX Info: Redefining \cite on input line 302.
LaTeX Info: Redefining \nocite on input line 332.
Package: cite 2015/02/27  v 5.5
)
(/usr/share/texlive/texmf-dist/tex/latex/xcolor/xcolor.sty
Package: xcolor 2007/01/21 v2.11 LaTeX color extensions (UK)

(/usr/share/texlive/texmf-dist/tex/latex/latexconfig/color.cfg
File: color.cfg 2007/01/18 v1.5 color configuration of teTeX/TeXLive
)
Package xcolor Info: Driver file: pdftex.def on input line 225.
Package xcolor Info: Model `cmy' substituted by `cmy0' on input line 1337.
Package xcolor Info: Model `hsb' substituted by `rgb' on input line 1341.
Package xcolor Info: Model `RGB' extended on input line 1353.
Package xcolor Info: Model `HTML' substituted by `rgb' on input line 1355.
Package xcolor Info: Model `Hsb' substituted by `hsb' on input line 1356.
Package xcolor Info: Model `tHsb' substituted by `hsb' on input line 1357.
Package xcolor Info: Model `HSB' substituted by `hsb' on input line 1358.
Package xcolor Info: Model `Gray' substituted by `gray' on input line 1359.
Package xcolor Info: Model `wave' substituted by `hsb' on input line 1360.
)
(/usr/share/texlive/texmf-dist/tex/latex/algorithm2e/algorithm2e.sty
Package: algorithm2e 2013/01/06 v5.00 algorithms environments
\c@AlgoLine=\count112
\algocf@hangindent=\skip49

(/usr/share/texlive/texmf-dist/tex/latex/tools/xspace.sty
Package: xspace 2014/10/28 v1.13 Space after command names (DPC,MH)
)
(/usr/share/texlive/texmf-dist/tex/latex/relsize/relsize.sty
Package: relsize 2013/03/29 ver 4.1
)
********************************************************
Package `algorithm2e' Release 5.1 -- october 19 2015 --
- algorithm2e-announce@lirmm.fr mailing list for announcement about releases
- algorithm2e-discussion@lirmm.fr mailing list for discussion about package
subscribe by emailing sympa@lirmm.fr with 'subscribe <list> <firstname name>'
- Author: Christophe Fiorio (christophe.fiorio@umontpellier.fr)
********************************************************
\skiptotal=\skip50
\skiplinenumber=\skip51
\skiprule=\skip52
\skiphlne=\skip53
\skiptext=\skip54
\skiplength=\skip55
\algomargin=\skip56
\skipalgocfslide=\skip57
\algowidth=\dimen145
\inoutsize=\dimen146
\inoutindent=\dimen147
\interspacetitleruled=\dimen148
\interspacealgoruled=\dimen149
\interspacetitleboxruled=\dimen150
\algocf@ruledwidth=\skip58
\algocf@inoutbox=\box29
\algocf@inputbox=\box30
\AlCapSkip=\skip59
\AlCapHSkip=\skip60
\algoskipindent=\skip61
\algocf@nlbox=\box31
\algocf@hangingbox=\box32
\algocf@untilbox=\box33
\algocf@skipuntil=\skip62
\algocf@capbox=\box34
\algoheightruledefault=\skip63
\algoheightrule=\skip64
\algotitleheightruledefault=\skip65
\algotitleheightrule=\skip66
\c@algocfline=\count113
\c@algocfproc=\count114
\c@algocf=\count115
\algocf@algoframe=\box35
\algocf@algobox=\box36
) (/usr/share/texlive/texmf-dist/tex/latex/bbm-macros/bbm.sty
Package: bbm 1999/03/15 V 1.2 provides fonts for set symbols - TH
LaTeX Font Info:    Overwriting math alphabet `\mathbbm' in version `bold'
(Font)                  U/bbm/m/n --> U/bbm/bx/n on input line 33.
LaTeX Font Info:    Overwriting math alphabet `\mathbbmss' in version `bold'
(Font)                  U/bbmss/m/n --> U/bbmss/bx/n on input line 35.
)
(/usr/share/texlive/texmf-dist/tex/latex/multirow/multirow.sty
\bigstrutjot=\dimen151
)
(/usr/share/texlive/texmf-dist/tex/latex/float/float.sty
Package: float 2001/11/08 v1.3d Float enhancements (AL)
\c@float@type=\count116
\float@exts=\toks25
\float@box=\box37
\@float@everytoks=\toks26
\@floatcapt=\box38
)
(/usr/share/texlive/texmf-dist/tex/latex/caption/subcaption.sty
Package: subcaption 2016/02/20 v1.1-142 Sub-captions (AR)
\c@subfigure=\count117
\c@subtable=\count118
)
(./diplomski_rad.aux

LaTeX Warning: Label `eq:negloglikelyhood_expect' multiply defined.


LaTeX Warning: Label `eq:true_groups' multiply defined.


LaTeX Warning: Label `fig:greedy_256_acc' multiply defined.

)
\openout1 = `diplomski_rad.aux'.

LaTeX Font Info:    Checking defaults for OML/cmm/m/it on input line 38.
LaTeX Font Info:    ... okay on input line 38.
LaTeX Font Info:    Checking defaults for T1/cmr/m/n on input line 38.
LaTeX Font Info:    ... okay on input line 38.
LaTeX Font Info:    Checking defaults for OT1/cmr/m/n on input line 38.
LaTeX Font Info:    ... okay on input line 38.
LaTeX Font Info:    Checking defaults for OMS/cmsy/m/n on input line 38.
LaTeX Font Info:    ... okay on input line 38.
LaTeX Font Info:    Checking defaults for OMX/cmex/m/n on input line 38.
LaTeX Font Info:    ... okay on input line 38.
LaTeX Font Info:    Checking defaults for U/cmr/m/n on input line 38.
LaTeX Font Info:    ... okay on input line 38.
LaTeX Font Info:    Try loading font information for T1+ptm on input line 38.
 (/usr/share/texlive/texmf-dist/tex/latex/psnfss/t1ptm.fd
File: t1ptm.fd 2001/06/04 font definitions for T1/ptm.
)
*geometry* driver: auto-detecting
*geometry* detected driver: pdftex
*geometry* verbose mode - [ preamble ] result:
* driver: pdftex
* paper: a4paper
* layout: <same size as paper>
* layoutoffset:(h,v)=(0.0pt,0.0pt)
* modes: 
* h-part:(L,W,R)=(99.58464pt, 412.56497pt, 85.35826pt)
* v-part:(T,H,B)=(85.35826pt, 674.33032pt, 85.35826pt)
* \paperwidth=597.50787pt
* \paperheight=845.04684pt
* \textwidth=412.56497pt
* \textheight=674.33032pt
* \oddsidemargin=27.31465pt
* \evensidemargin=27.31465pt
* \topmargin=-23.91173pt
* \headheight=12.0pt
* \headsep=25.0pt
* \topskip=12.0pt
* \footskip=30.0pt
* \marginparwidth=44.0pt
* \marginparsep=10.0pt
* \columnsep=10.0pt
* \skip\footins=10.8pt plus 4.0pt minus 2.0pt
* \hoffset=0.0pt
* \voffset=0.0pt
* \mag=1000
* \@twocolumnfalse
* \@twosidefalse
* \@mparswitchfalse
* \@reversemarginfalse
* (1in=72.27pt=25.4mm, 1cm=28.453pt)

(/usr/share/texlive/texmf-dist/tex/context/base/supp-pdf.mkii
[Loading MPS to PDF converter (version 2006.09.02).]
\scratchcounter=\count119
\scratchdimen=\dimen152
\scratchbox=\box39
\nofMPsegments=\count120
\nofMParguments=\count121
\everyMPshowfont=\toks27
\MPscratchCnt=\count122
\MPscratchDim=\dimen153
\MPnumerator=\count123
\makeMPintoPDFobject=\count124
\everyMPtoPDFconversion=\toks28
) (/usr/share/texlive/texmf-dist/tex/generic/oberdiek/pdftexcmds.sty
Package: pdftexcmds 2011/11/29 v0.20 Utility functions of pdfTeX for LuaTeX (HO
)

(/usr/share/texlive/texmf-dist/tex/generic/oberdiek/ifluatex.sty
Package: ifluatex 2010/03/01 v1.3 Provides the ifluatex switch (HO)
Package ifluatex Info: LuaTeX not detected.
)
Package pdftexcmds Info: LuaTeX not detected.
Package pdftexcmds Info: \pdf@primitive is available.
Package pdftexcmds Info: \pdf@ifprimitive is available.
Package pdftexcmds Info: \pdfdraftmode found.
)
(/usr/share/texlive/texmf-dist/tex/latex/oberdiek/epstopdf-base.sty
Package: epstopdf-base 2010/02/09 v2.5 Base part for package epstopdf

(/usr/share/texlive/texmf-dist/tex/latex/oberdiek/grfext.sty
Package: grfext 2010/08/19 v1.1 Manage graphics extensions (HO)

(/usr/share/texlive/texmf-dist/tex/generic/oberdiek/kvdefinekeys.sty
Package: kvdefinekeys 2011/04/07 v1.3 Define keys (HO)
))
(/usr/share/texlive/texmf-dist/tex/latex/oberdiek/kvoptions.sty
Package: kvoptions 2011/06/30 v3.11 Key value format for package options (HO)

(/usr/share/texlive/texmf-dist/tex/generic/oberdiek/kvsetkeys.sty
Package: kvsetkeys 2012/04/25 v1.16 Key value parser (HO)

(/usr/share/texlive/texmf-dist/tex/generic/oberdiek/etexcmds.sty
Package: etexcmds 2011/02/16 v1.5 Avoid name clashes with e-TeX commands (HO)
Package etexcmds Info: Could not find \expanded.
(etexcmds)             That can mean that you are not using pdfTeX 1.50 or
(etexcmds)             that some package has redefined \expanded.
(etexcmds)             In the latter case, load this package earlier.
)))
Package grfext Info: Graphics extension search list:
(grfext)             [.png,.pdf,.jpg,.mps,.jpeg,.jbig2,.jb2,.PNG,.PDF,.JPG,.JPE
G,.JBIG2,.JB2,.eps]
(grfext)             \AppendGraphicsExtensions on input line 452.

(/usr/share/texlive/texmf-dist/tex/latex/latexconfig/epstopdf-sys.cfg
File: epstopdf-sys.cfg 2010/07/13 v1.3 Configuration of (r)epstopdf for TeX Liv
e
))
Package caption Info: Begin \AtBeginDocument code.
Package caption Info: float package is loaded.
Package caption Info: End \AtBeginDocument code.
LaTeX Font Info:    Try loading font information for T1+phv on input line 46.

(/usr/share/texlive/texmf-dist/tex/latex/psnfss/t1phv.fd
File: t1phv.fd 2001/06/04 scalable font definitions for T1/phv.
)
LaTeX Font Info:    Font shape `T1/ptm/bx/n' in size <14.4> not available
(Font)              Font shape `T1/ptm/b/n' tried instead on input line 46.
LaTeX Font Info:    Font shape `T1/phv/bx/n' in size <14.4> not available
(Font)              Font shape `T1/phv/b/n' tried instead on input line 46.
LaTeX Font Info:    Font shape `T1/ptm/bx/n' in size <24.88> not available
(Font)              Font shape `T1/ptm/b/n' tried instead on input line 46.
LaTeX Font Info:    Font shape `T1/phv/bx/n' in size <24.88> not available
(Font)              Font shape `T1/phv/b/n' tried instead on input line 46.
LaTeX Font Info:    Try loading font information for U+msa on input line 46.

(/usr/share/texlive/texmf-dist/tex/latex/amsfonts/umsa.fd
File: umsa.fd 2013/01/14 v3.01 AMS symbols A
)
LaTeX Font Info:    Try loading font information for U+msb on input line 46.

(/usr/share/texlive/texmf-dist/tex/latex/amsfonts/umsb.fd
File: umsb.fd 2013/01/14 v3.01 AMS symbols B
) [1

{/var/lib/texmf/fonts/map/pdftex/updmap/pdftex.map}]
LaTeX Font Info:    Try loading font information for T1+pcr on input line 49.

(/usr/share/texlive/texmf-dist/tex/latex/psnfss/t1pcr.fd
File: t1pcr.fd 2001/06/04 font definitions for T1/pcr.
) [1] [3]
(./diplomski_rad.toc
LaTeX Font Info:    Font shape `T1/ptm/bx/n' in size <12> not available
(Font)              Font shape `T1/ptm/b/n' tried instead on input line 2.
 [4

]
Overfull \hbox (18.21915pt too wide) in paragraph at lines 81--81
 [] []\T1/ptm/b/n/12 Optimizacija sim-bo-li£-kom re-gre-si-jom (teh-ni£ki ge-ne
t-skim pro-gra-mi-ra-njem...) []  
 []

[5])
\tf@toc=\write3
\openout3 = `diplomski_rad.toc'.

 [6]
Poglavlje 1.

Underfull \hbox (badness 10000) in paragraph at lines 57--58

 []

[1

]
Poglavlje 2.
LaTeX Font Info:    Font shape `T1/ptm/bx/n' in size <17.28> not available
(Font)              Font shape `T1/ptm/b/n' tried instead on input line 62.

Underfull \hbox (badness 10000) in paragraph at lines 63--65

 []


Underfull \hbox (badness 10000) in paragraph at lines 67--70

 []


Underfull \hbox (badness 10000) in paragraph at lines 73--75

 []


Underfull \hbox (badness 10000) in paragraph at lines 77--78

 []

<./img/nl256_tr_instances.pdf, id=34, 433.62pt x 289.08pt>
File: ./img/nl256_tr_instances.pdf Graphic file (type pdf)

<use ./img/nl256_tr_instances.pdf>
Package pdftex.def Info: ./img/nl256_tr_instances.pdf used on input line 81.
(pdftex.def)             Requested size: 206.28249pt x 137.52173pt.
LaTeX Font Info:    Font shape `T1/ptm/bx/n' in size <10.95> not available
(Font)              Font shape `T1/ptm/b/n' tried instead on input line 83.

<./img/nl256_ts_instances.pdf, id=35, 433.62pt x 289.08pt>
File: ./img/nl256_ts_instances.pdf Graphic file (type pdf)

<use ./img/nl256_ts_instances.pdf>
Package pdftex.def Info: ./img/nl256_ts_instances.pdf used on input line 87.
(pdftex.def)             Requested size: 206.28249pt x 137.52173pt.

<./img/nl256_tr_inputs.pdf, id=36, 433.62pt x 289.08pt>
File: ./img/nl256_tr_inputs.pdf Graphic file (type pdf)

<use ./img/nl256_tr_inputs.pdf>
Package pdftex.def Info: ./img/nl256_tr_inputs.pdf used on input line 93.
(pdftex.def)             Requested size: 206.28249pt x 137.52173pt.

<./img/nl256_ts_inputs.pdf, id=37, 433.62pt x 289.08pt>
File: ./img/nl256_ts_inputs.pdf Graphic file (type pdf)

<use ./img/nl256_ts_inputs.pdf>
Package pdftex.def Info: ./img/nl256_ts_inputs.pdf used on input line 99.
(pdftex.def)             Requested size: 206.28249pt x 137.52173pt.

<./img/nl256_tr_outputs.pdf, id=38, 433.62pt x 289.08pt>
File: ./img/nl256_tr_outputs.pdf Graphic file (type pdf)

<use ./img/nl256_tr_outputs.pdf>
Package pdftex.def Info: ./img/nl256_tr_outputs.pdf used on input line 105.
(pdftex.def)             Requested size: 206.28249pt x 137.52173pt.

<./img/nl256_ts_outputs.pdf, id=39, 433.62pt x 289.08pt>
File: ./img/nl256_ts_outputs.pdf Graphic file (type pdf)

<use ./img/nl256_ts_outputs.pdf>
Package pdftex.def Info: ./img/nl256_ts_outputs.pdf used on input line 111.
(pdftex.def)             Requested size: 206.28249pt x 137.52173pt.

Overfull \hbox (2.28003pt too wide) in paragraph at lines 80--116
[]$[]$ $[]$
 []


Overfull \hbox (2.28003pt too wide) in paragraph at lines 80--116
[]$ $[]$
 []


Overfull \hbox (2.28003pt too wide) in paragraph at lines 80--116
[]$ $[]$ 
 []

[2

]
Underfull \hbox (badness 10000) in paragraph at lines 119--120

 []


Underfull \hbox (badness 10000) in paragraph at lines 122--123

 []

<./img/nl9_tr_instances.pdf, id=43, 433.62pt x 289.08pt>
File: ./img/nl9_tr_instances.pdf Graphic file (type pdf)

<use ./img/nl9_tr_instances.pdf>
Package pdftex.def Info: ./img/nl9_tr_instances.pdf used on input line 126.
(pdftex.def)             Requested size: 206.28249pt x 137.52173pt.

<./img/nl9_ts_instances.pdf, id=44, 433.62pt x 289.08pt>
File: ./img/nl9_ts_instances.pdf Graphic file (type pdf)

<use ./img/nl9_ts_instances.pdf>
Package pdftex.def Info: ./img/nl9_ts_instances.pdf used on input line 132.
(pdftex.def)             Requested size: 206.28249pt x 137.52173pt.

<./img/nl9_tr_inputs.pdf, id=45, 433.62pt x 289.08pt>
File: ./img/nl9_tr_inputs.pdf Graphic file (type pdf)

<use ./img/nl9_tr_inputs.pdf>
Package pdftex.def Info: ./img/nl9_tr_inputs.pdf used on input line 138.
(pdftex.def)             Requested size: 206.28249pt x 137.52173pt.

<./img/nl9_ts_inputs.pdf, id=46, 433.62pt x 289.08pt>
File: ./img/nl9_ts_inputs.pdf Graphic file (type pdf)

<use ./img/nl9_ts_inputs.pdf>
Package pdftex.def Info: ./img/nl9_ts_inputs.pdf used on input line 144.
(pdftex.def)             Requested size: 206.28249pt x 137.52173pt.

<./img/nl9_tr_outputs.pdf, id=47, 433.62pt x 289.08pt>
File: ./img/nl9_tr_outputs.pdf Graphic file (type pdf)

<use ./img/nl9_tr_outputs.pdf>
Package pdftex.def Info: ./img/nl9_tr_outputs.pdf used on input line 150.
(pdftex.def)             Requested size: 206.28249pt x 137.52173pt.

<./img/nl9_ts_outputs.pdf, id=48, 433.62pt x 289.08pt>
File: ./img/nl9_ts_outputs.pdf Graphic file (type pdf)

<use ./img/nl9_ts_outputs.pdf>
Package pdftex.def Info: ./img/nl9_ts_outputs.pdf used on input line 156.
(pdftex.def)             Requested size: 206.28249pt x 137.52173pt.

Overfull \hbox (2.28003pt too wide) in paragraph at lines 125--161
[]$[]$ $[]$
 []


Overfull \hbox (2.28003pt too wide) in paragraph at lines 125--161
[]$ $[]$
 []


Overfull \hbox (2.28003pt too wide) in paragraph at lines 125--161
[]$ $[]$ 
 []

[3 <./img/nl256_tr_instances.pdf> <./img/nl256_ts_instances.pdf

pdfTeX warning: pdflatex (file ./img/nl256_ts_instances.pdf): PDF inclusion: mu
ltiple pdfs with page group included in a single page
> <./img/nl256_tr_inputs.pdf

pdfTeX warning: pdflatex (file ./img/nl256_tr_inputs.pdf): PDF inclusion: multi
ple pdfs with page group included in a single page
> <./img/nl256_ts_inputs.pdf

pdfTeX warning: pdflatex (file ./img/nl256_ts_inputs.pdf): PDF inclusion: multi
ple pdfs with page group included in a single page
> <./img/nl256_tr_outputs.pdf

pdfTeX warning: pdflatex (file ./img/nl256_tr_outputs.pdf): PDF inclusion: mult
iple pdfs with page group included in a single page
> <./img/nl256_ts_outputs.pdf

pdfTeX warning: pdflatex (file ./img/nl256_ts_outputs.pdf): PDF inclusion: mult
iple pdfs with page group included in a single page
>]
Underfull \hbox (badness 10000) in paragraph at lines 164--165

 []

[4 <./img/nl9_tr_instances.pdf> <./img/nl9_ts_instances.pdf

pdfTeX warning: pdflatex (file ./img/nl9_ts_instances.pdf): PDF inclusion: mult
iple pdfs with page group included in a single page
> <./img/nl9_tr_inputs.pdf

pdfTeX warning: pdflatex (file ./img/nl9_tr_inputs.pdf): PDF inclusion: multipl
e pdfs with page group included in a single page
> <./img/nl9_ts_inputs.pdf

pdfTeX warning: pdflatex (file ./img/nl9_ts_inputs.pdf): PDF inclusion: multipl
e pdfs with page group included in a single page
> <./img/nl9_tr_outputs.pdf

pdfTeX warning: pdflatex (file ./img/nl9_tr_outputs.pdf): PDF inclusion: multip
le pdfs with page group included in a single page
> <./img/nl9_ts_outputs.pdf

pdfTeX warning: pdflatex (file ./img/nl9_ts_outputs.pdf): PDF inclusion: multip
le pdfs with page group included in a single page
>]
Poglavlje 3.
<./img/Neuron.pdf, id=209, 424.4658pt x 168.63pt>
File: ./img/Neuron.pdf Graphic file (type pdf)
 <use ./img/Neuron.pdf>
Package pdftex.def Info: ./img/Neuron.pdf used on input line 177.
(pdftex.def)             Requested size: 297.12402pt x 118.04018pt.


LaTeX Warning: `h' float specifier changed to `ht'.

[5

]
Underfull \hbox (badness 10000) in paragraph at lines 195--198

 []

[6 <./img/Neuron.pdf

pdfTeX warning: pdflatex (file ./img/Neuron.pdf): PDF inclusion: invalid other 
resource which is no dict (key 'ProcSets', type <array>); ignored.
>]
Underfull \hbox (badness 10000) in paragraph at lines 203--204

 []

[7]
Underfull \hbox (badness 10000) in paragraph at lines 216--231

 []

[8] [9]

LaTeX Font Warning: Command \footnotesize invalid in math mode on input line 30
6.


LaTeX Font Warning: Command \footnotesize invalid in math mode on input line 30
6.

[10] [11] [12] [13]
Underfull \hbox (badness 10000) in paragraph at lines 438--440

 []

[14]
Underfull \hbox (badness 10000) in paragraph at lines 444--446

 []


Underfull \hbox (badness 10000) in paragraph at lines 448--450

 []


Underfull \hbox (badness 10000) in paragraph at lines 453--454

 []


Underfull \hbox (badness 10000) in paragraph at lines 457--458

 []

[15]
Overfull \hbox (10.91072pt too wide) in paragraph at lines 460--461
\T1/ptm/m/n/12 Inicijalizacija pa-ra-me-tara mreºe od-go-vara oda-biru po-£etne
 to£ke pri gra-di-jent-nom spustu.
 []


Overfull \hbox (3.9592pt too wide) in paragraph at lines 462--463
[]\T1/ptm/m/n/12 Inicijalizacija slo-je-vi-tim ne-nad-zi-ra-nim u£e-njem ogra-n
i-£e-nog Boltzmann-ovog stroja
 []


Underfull \hbox (badness 10000) in paragraph at lines 465--466

 []


Underfull \hbox (badness 10000) in paragraph at lines 468--469

 []


LaTeX Warning: Reference `eq:feat_norm' on page 16 undefined on input line 478.


[16]
Underfull \hbox (badness 10000) in paragraph at lines 486--487

 []

[17]
Underfull \hbox (badness 10000) in paragraph at lines 511--512

 []


Underfull \hbox (badness 10000) in paragraph at lines 518--519

 []

[18] [19]
LaTeX Font Info:    Try loading font information for U+bbm on input line 579.
 (/usr/share/texlive/texmf-dist/tex/latex/bbm-macros/ubbm.fd
File: ubbm.fd 1999/03/15 V 1.2 Font definition for bbm font - TH
) [20]
<./img/Pitagorine_sredine.pdf, id=314, 913.07059pt x 347.63063pt>
File: ./img/Pitagorine_sredine.pdf Graphic file (type pdf)

<use ./img/Pitagorine_sredine.pdf>
Package pdftex.def Info: ./img/Pitagorine_sredine.pdf used on input line 595.
(pdftex.def)             Requested size: 412.56497pt x 157.07416pt.


LaTeX Warning: `h' float specifier changed to `ht'.

[21] [22 <./img/Pitagorine_sredine.pdf>] [23]
Underfull \hbox (badness 10000) in paragraph at lines 659--660

 []


Overfull \hbox (17.61935pt too wide) in paragraph at lines 662--664
[]\T1/ptm/m/n/12 TODO: \T1/ptm/m/it/12 https://www.quantamagazine.org/new-theor
y-cracks-open-the-black-box-of-deep-
 []


Underfull \hbox (badness 10000) in paragraph at lines 662--664

 []


Underfull \hbox (badness 10000) in paragraph at lines 668--669

 []


Underfull \hbox (badness 10000) in paragraph at lines 675--676

 []

[24]
Underfull \hbox (badness 10000) in paragraph at lines 683--684

 []


Underfull \hbox (badness 10000) in paragraph at lines 686--687

 []

[25]
Poglavlje 4.

Underfull \hbox (badness 10000) in paragraph at lines 699--700

 []


Underfull \hbox (badness 10000) in paragraph at lines 704--705

 []

[26

]
Underfull \hbox (badness 10000) in paragraph at lines 711--714

 []

<./img/Identity.pdf, id=364, 865.46776pt x 293.06676pt>
File: ./img/Identity.pdf Graphic file (type pdf)

<use ./img/Identity.pdf>
Package pdftex.def Info: ./img/Identity.pdf used on input line 722.
(pdftex.def)             Requested size: 412.56497pt x 139.70451pt.
 [27 <./img/Identity.pdf>]
<./img/ReLU.pdf, id=382, 857.06134pt x 293.06676pt>
File: ./img/ReLU.pdf Graphic file (type pdf)
 <use ./img/ReLU.pdf>
Package pdftex.def Info: ./img/ReLU.pdf used on input line 753.
(pdftex.def)             Requested size: 412.56497pt x 141.07736pt.

[28 <./img/ReLU.pdf>] <./img/LReLU.pdf, id=402, 857.06134pt x 293.06676pt>
File: ./img/LReLU.pdf Graphic file (type pdf)

<use ./img/LReLU.pdf>
Package pdftex.def Info: ./img/LReLU.pdf used on input line 786.
(pdftex.def)             Requested size: 412.56497pt x 141.07736pt.
 [29 <./img/LReLU.pdf>]
Underfull \hbox (badness 10000) in paragraph at lines 838--841

 []

<./img/ThReLU.pdf, id=422, 857.06134pt x 293.06676pt>
File: ./img/ThReLU.pdf Graphic file (type pdf)
 <use ./img/ThReLU.pdf>
Package pdftex.def Info: ./img/ThReLU.pdf used on input line 846.
(pdftex.def)             Requested size: 412.56497pt x 141.07736pt.

Underfull \hbox (badness 10000) in paragraph at lines 870--873

 []

[30 <./img/ThReLU.pdf>]
Underfull \hbox (badness 10000) in paragraph at lines 883--886

 []

<./img/Softplus.pdf, id=442, 857.06134pt x 293.06676pt>
File: ./img/Softplus.pdf Graphic file (type pdf)

<use ./img/Softplus.pdf>
Package pdftex.def Info: ./img/Softplus.pdf used on input line 890.
(pdftex.def)             Requested size: 412.56497pt x 141.07736pt.

Underfull \hbox (badness 10000) in paragraph at lines 906--909

 []


Underfull \hbox (badness 10000) in paragraph at lines 920--923

 []

[31 <./img/Softplus.pdf>] <./img/ELU.pdf, id=463, 865.46776pt x 293.06676pt>
File: ./img/ELU.pdf Graphic file (type pdf)

<use ./img/ELU.pdf>
Package pdftex.def Info: ./img/ELU.pdf used on input line 928.
(pdftex.def)             Requested size: 412.56497pt x 139.70451pt.

Underfull \hbox (badness 10000) in paragraph at lines 953--956

 []

<./img/SELU.pdf, id=464, 865.46776pt x 293.06676pt>
File: ./img/SELU.pdf Graphic file (type pdf)
 <use ./img/SELU.pdf>
Package pdftex.def Info: ./img/SELU.pdf used on input line 961.
(pdftex.def)             Requested size: 412.56497pt x 139.70451pt.

[32 <./img/ELU.pdf>]
Underfull \hbox (badness 10000) in paragraph at lines 985--988

 []


Underfull \hbox (badness 10000) in paragraph at lines 994--997

 []

<./img/Swish.pdf, id=484, 857.06134pt x 293.06676pt>
File: ./img/Swish.pdf Graphic file (type pdf)
 <use ./img/Swish.pdf>
Package pdftex.def Info: ./img/Swish.pdf used on input line 1002.
(pdftex.def)             Requested size: 412.56497pt x 141.07736pt.

[33 <./img/SELU.pdf>]
Underfull \hbox (badness 10000) in paragraph at lines 1017--1020

 []

<./img/ELiSH.pdf, id=504, 857.06134pt x 293.06676pt>
File: ./img/ELiSH.pdf Graphic file (type pdf)
 <use ./img/ELiSH.pdf>
Package pdftex.def Info: ./img/ELiSH.pdf used on input line 1026.
(pdftex.def)             Requested size: 412.56497pt x 141.07736pt.

[34 <./img/Swish.pdf> <./img/ELiSH.pdf

pdfTeX warning: pdflatex (file ./img/ELiSH.pdf): PDF inclusion: multiple pdfs w
ith page group included in a single page
>] <./img/Hard_ELiSH.pdf, id=539, 857.06134pt x 293.06676pt>
File: ./img/Hard_ELiSH.pdf Graphic file (type pdf)

<use ./img/Hard_ELiSH.pdf>
Package pdftex.def Info: ./img/Hard_ELiSH.pdf used on input line 1054.
(pdftex.def)             Requested size: 412.56497pt x 141.07736pt.
 [35 <./img/Hard_ELiSH.pdf>]
<./img/ReLU6.pdf, id=558, 857.06134pt x 293.06676pt>
File: ./img/ReLU6.pdf Graphic file (type pdf)
 <use ./img/ReLU6.pdf>
Package pdftex.def Info: ./img/ReLU6.pdf used on input line 1091.
(pdftex.def)             Requested size: 412.56497pt x 141.07736pt.

Overfull \hbox (24.56384pt too wide) in paragraph at lines 1120--1121
[]\T1/ptm/m/n/12 Ograni£ena ReLU funk-cija uve-dena je kako bi ogra-ni-£eni Bol
tzmann-ov stroj (engl. \T1/ptm/m/it/12 Res-
 []

[36 <./img/ReLU6.pdf>] <./img/Sigmoid.pdf, id=579, 866.64403pt x 293.06676pt>
File: ./img/Sigmoid.pdf Graphic file (type pdf)

<use ./img/Sigmoid.pdf>
Package pdftex.def Info: ./img/Sigmoid.pdf used on input line 1128.
(pdftex.def)             Requested size: 412.56497pt x 139.5167pt.

Underfull \hbox (badness 10000) in paragraph at lines 1145--1148

 []

<./img/Hard_sigmoid.pdf, id=580, 866.64403pt x 293.06676pt>
File: ./img/Hard_sigmoid.pdf Graphic file (type pdf)

<use ./img/Hard_sigmoid.pdf>
Package pdftex.def Info: ./img/Hard_sigmoid.pdf used on input line 1153.
(pdftex.def)             Requested size: 412.56497pt x 139.5167pt.
 [37 <./img/Sigmoid.pdf>]
Underfull \hbox (badness 10000) in paragraph at lines 1173--1176

 []

<./img/tanh.pdf, id=600, 881.43365pt x 293.06676pt>
File: ./img/tanh.pdf Graphic file (type pdf)
 <use ./img/tanh.pdf>
Package pdftex.def Info: ./img/tanh.pdf used on input line 1181.
(pdftex.def)             Requested size: 412.56497pt x 137.17346pt.

Underfull \hbox (badness 10000) in paragraph at lines 1197--1200

 []

<./img/Hard_tanh.pdf, id=601, 881.43365pt x 293.06676pt>
File: ./img/Hard_tanh.pdf Graphic file (type pdf)

<use ./img/Hard_tanh.pdf>
Package pdftex.def Info: ./img/Hard_tanh.pdf used on input line 1205.
(pdftex.def)             Requested size: 412.56497pt x 137.17346pt.
 [38 <./img/Hard_sigmoid.pdf> <./img/tanh.pdf

pdfTeX warning: pdflatex (file ./img/tanh.pdf): PDF inclusion: multiple pdfs wi
th page group included in a single page
>]
Underfull \hbox (badness 10000) in paragraph at lines 1231--1234

 []

<./img/Rational_tanh.pdf, id=636, 875.05043pt x 293.1932pt>
File: ./img/Rational_tanh.pdf Graphic file (type pdf)

<use ./img/Rational_tanh.pdf>
Package pdftex.def Info: ./img/Rational_tanh.pdf used on input line 1239.
(pdftex.def)             Requested size: 412.56497pt x 138.23477pt.

Overfull \hbox (0.26353pt too wide) in paragraph at lines 1252--1252
[] 
 []

[39 <./img/Hard_tanh.pdf> <./img/Rational_tanh.pdf

pdfTeX warning: pdflatex (file ./img/Rational_tanh.pdf): PDF inclusion: multipl
e pdfs with page group included in a single page
>]
Underfull \hbox (badness 10000) in paragraph at lines 1254--1257

 []

<./img/Rectified_tanh.pdf, id=670, 866.64403pt x 293.06676pt>
File: ./img/Rectified_tanh.pdf Graphic file (type pdf)

<use ./img/Rectified_tanh.pdf>
Package pdftex.def Info: ./img/Rectified_tanh.pdf used on input line 1262.
(pdftex.def)             Requested size: 412.56497pt x 139.5167pt.

Underfull \hbox (badness 10000) in paragraph at lines 1272--1275

 []


Underfull \hbox (badness 10000) in paragraph at lines 1290--1293

 []

[40 <./img/Rectified_tanh.pdf>]
Underfull \hbox (badness 10000) in paragraph at lines 1302--1305

 []

<./img/Softsign.pdf, id=688, 881.43365pt x 293.06676pt>
File: ./img/Softsign.pdf Graphic file (type pdf)

<use ./img/Softsign.pdf>
Package pdftex.def Info: ./img/Softsign.pdf used on input line 1309.
(pdftex.def)             Requested size: 412.56497pt x 137.17346pt.

Underfull \hbox (badness 10000) in paragraph at lines 1325--1328

 []

<./img/Sin.pdf, id=689, 881.43365pt x 293.06676pt>
File: ./img/Sin.pdf Graphic file (type pdf)
 <use ./img/Sin.pdf>
Package pdftex.def Info: ./img/Sin.pdf used on input line 1332.
(pdftex.def)             Requested size: 412.56497pt x 137.17346pt.
 [41 <./img/Softsign.pdf>]
Underfull \hbox (badness 10000) in paragraph at lines 1348--1350

 []

<./img/TrSin.pdf, id=709, 881.43365pt x 293.06676pt>
File: ./img/TrSin.pdf Graphic file (type pdf)
 <use ./img/TrSin.pdf>
Package pdftex.def Info: ./img/TrSin.pdf used on input line 1360.
(pdftex.def)             Requested size: 412.56497pt x 137.17346pt.

[42 <./img/Sin.pdf>] <./img/Cos.pdf, id=727, 881.43365pt x 293.06676pt>
File: ./img/Cos.pdf Graphic file (type pdf)

<use ./img/Cos.pdf>
Package pdftex.def Info: ./img/Cos.pdf used on input line 1391.
(pdftex.def)             Requested size: 412.56497pt x 137.17346pt.
 [43 <./img/TrSin.pdf> <./img/Cos.pdf

pdfTeX warning: pdflatex (file ./img/Cos.pdf): PDF inclusion: multiple pdfs wit
h page group included in a single page
>] <./img/TrCos.pdf, id=762, 866.64403pt x 293.06676pt>
File: ./img/TrCos.pdf Graphic file (type pdf)
 <use ./img/TrCos.pdf>
Package pdftex.def Info: ./img/TrCos.pdf used on input line 1417.
(pdftex.def)             Requested size: 412.56497pt x 139.5167pt.

<./img/Pow2.pdf, id=763, 863.44456pt x 293.06676pt>
File: ./img/Pow2.pdf Graphic file (type pdf)
 <use ./img/Pow2.pdf>
Package pdftex.def Info: ./img/Pow2.pdf used on input line 1447.
(pdftex.def)             Requested size: 412.56497pt x 140.03096pt.

[44 <./img/TrCos.pdf> <./img/Pow2.pdf

pdfTeX warning: pdflatex (file ./img/Pow2.pdf): PDF inclusion: multiple pdfs wi
th page group included in a single page
>]
Underfull \hbox (badness 10000) in paragraph at lines 1463--1466

 []

<./img/Pow3.pdf, id=796, 878.23419pt x 293.06676pt>
File: ./img/Pow3.pdf Graphic file (type pdf)
 <use ./img/Pow3.pdf>
Package pdftex.def Info: ./img/Pow3.pdf used on input line 1470.
(pdftex.def)             Requested size: 412.56497pt x 137.6743pt.

Underfull \hbox (badness 10000) in paragraph at lines 1486--1489

 []

<./img/Gauss.pdf, id=797, 866.64403pt x 293.06676pt>
File: ./img/Gauss.pdf Graphic file (type pdf)
 <use ./img/Gauss.pdf>
Package pdftex.def Info: ./img/Gauss.pdf used on input line 1493.
(pdftex.def)             Requested size: 412.56497pt x 139.5167pt.

[45 <./img/Pow3.pdf> <./img/Gauss.pdf

pdfTeX warning: pdflatex (file ./img/Gauss.pdf): PDF inclusion: multiple pdfs w
ith page group included in a single page
>]
Underfull \hbox (badness 10000) in paragraph at lines 1509--1512

 []


Underfull \hbox (badness 10000) in paragraph at lines 1542--1545

 []


Underfull \hbox (badness 10000) in paragraph at lines 1564--1567

 []

[46] <./img/PLU.pdf, id=834, 875.05043pt x 293.06676pt>
File: ./img/PLU.pdf Graphic file (type pdf)
 <use ./img/PLU.pdf>
Package pdftex.def Info: ./img/PLU.pdf used on input line 1572.
(pdftex.def)             Requested size: 412.56497pt x 138.17516pt.

Underfull \hbox (badness 10000) in paragraph at lines 1601--1604

 []

[47 <./img/PLU.pdf>]
Underfull \hbox (badness 10000) in paragraph at lines 1617--1620

 []


Underfull \hbox (badness 10000) in paragraph at lines 1632--1635

 []

[48]
Poglavlje 5.

Underfull \hbox (badness 10000) in paragraph at lines 1640--1642

 []


Underfull \hbox (badness 10000) in paragraph at lines 1644--1646

 []


Underfull \hbox (badness 10000) in paragraph at lines 1648--1651

 []


Underfull \hbox (badness 10000) in paragraph at lines 1653--1655

 []

[49

] [50]
Poglavlje 6.

Underfull \hbox (badness 10000) in paragraph at lines 1710--1713

 []


Underfull \hbox (badness 10000) in paragraph at lines 1715--1718

 []


Underfull \hbox (badness 10000) in paragraph at lines 1720--1722

 []

<./img/pkg_genetics.pdf, id=863, 1919.17pt x 945.93402pt>
File: ./img/pkg_genetics.pdf Graphic file (type pdf)

<use ./img/pkg_genetics.pdf>
Package pdftex.def Info: ./img/pkg_genetics.pdf used on input line 1725.
(pdftex.def)             Requested size: 412.56497pt x 203.34299pt.

Underfull \hbox (badness 10000) in paragraph at lines 1732--1734

 []


Underfull \hbox (badness 10000) in paragraph at lines 1737--1739

 []

[51

] <./img/pkg_threading.pdf, id=867, 360.54701pt x 532.38902pt>
File: ./img/pkg_threading.pdf Graphic file (type pdf)

<use ./img/pkg_threading.pdf>
Package pdftex.def Info: ./img/pkg_threading.pdf used on input line 1741.
(pdftex.def)             Requested size: 199.16928pt x 294.1065pt.

Underfull \hbox (badness 10000) in paragraph at lines 1748--1749

 []

<./img/pkg_logs.pdf, id=868, 1080.83804pt x 365.365pt>
File: ./img/pkg_logs.pdf Graphic file (type pdf)

<use ./img/pkg_logs.pdf>
Package pdftex.def Info: ./img/pkg_logs.pdf used on input line 1751.
(pdftex.def)             Requested size: 412.56497pt x 139.46454pt.
 [52 <./img/pkg_genetics.pdf>] [53 <./img/pkg_threading.pdf> <./img/pkg_logs.pd
f

pdfTeX warning: pdflatex (file ./img/pkg_logs.pdf): PDF inclusion: multiple pdf
s with page group included in a single page
>]
Poglavlje 7.

Underfull \hbox (badness 10000) in paragraph at lines 1764--1767

 []


Underfull \hbox (badness 10000) in paragraph at lines 1769--1771

 []


Underfull \hbox (badness 10000) in paragraph at lines 1774--1775

 []

[54

]
Overfull \hbox (22.61887pt too wide) in paragraph at lines 1783--1801
 [][] 
 []

<./img/greedy_256_acc.pdf, id=9573, 568.5617pt x 716.13194pt>
File: ./img/greedy_256_acc.pdf Graphic file (type pdf)

<use ./img/greedy_256_acc.pdf>
Package pdftex.def Info: ./img/greedy_256_acc.pdf used on input line 1825.
(pdftex.def)             Requested size: 412.56497pt x 519.66862pt.

<./img/greedy_256_f1.pdf, id=9574, 568.5617pt x 716.13194pt>
File: ./img/greedy_256_f1.pdf Graphic file (type pdf)

<use ./img/greedy_256_f1.pdf>
Package pdftex.def Info: ./img/greedy_256_f1.pdf used on input line 1832.
(pdftex.def)             Requested size: 412.56497pt x 519.66862pt.

<./img/greedy_256_hp.pdf, id=9575, 558.97902pt x 716.13194pt>
File: ./img/greedy_256_hp.pdf Graphic file (type pdf)

<use ./img/greedy_256_hp.pdf>
Package pdftex.def Info: ./img/greedy_256_hp.pdf used on input line 1839.
(pdftex.def)             Requested size: 412.56497pt x 528.5525pt.
 [55] [56] [57 <./img/greedy_256_acc.pdf>]
[58 <./img/greedy_256_f1.pdf>] [59 <./img/greedy_256_hp.pdf>]
Underfull \hbox (badness 10000) in paragraph at lines 1847--1848

 []

[60

]
Underfull \hbox (badness 10000) in paragraph at lines 1852--1854

 []


Underfull \hbox (badness 10000) in paragraph at lines 1857--1858

 []

[61

]
Poglavlje 8.

Underfull \hbox (badness 10000) in paragraph at lines 1862--1864

 []


Underfull \hbox (badness 10000) in paragraph at lines 1866--1868

 []


Underfull \hbox (badness 10000) in paragraph at lines 1870--1871

 []

[62

]
Poglavlje 9.

Underfull \hbox (badness 10000) in paragraph at lines 1874--1877

 []

[63

]
Poglavlje 10.

Underfull \hbox (badness 10000) in paragraph at lines 1880--1883

 []

(./diplomski_rad.bbl [64

] [65

]
Underfull \hbox (badness 2846) in paragraph at lines 100--107
[]\T1/ptm/m/n/12 Alex Kri-zhev-sky, Ilya Sut-ske-ver, i Ge-of-frey E Hin-ton.  
Ima-ge-net cla-ssi-fi-
 []


Underfull \hbox (badness 2119) in paragraph at lines 100--107
\T1/ptm/m/n/12 ca-tion with deep co-nvo-lu-ti-onal ne-ural networks.  U F. Pe-r
e-ira, C. J. C.
 []


Underfull \hbox (badness 10000) in paragraph at lines 100--107
\T1/ptm/m/n/12 Bur-ges, L. Bot-tou, i K. Q. We-in-ber-ger, ured-nici, \T1/ptm/m
/it/12 Advan-ces in Ne-
 []


Underfull \hbox (badness 10000) in paragraph at lines 100--107
\T1/ptm/m/it/12 ural In-for-ma-tion Pro-ce-ssing Sys-tems 25\T1/ptm/m/n/12 , st
ra-nice 1097--1105. Cur-ran
 []


Underfull \hbox (badness 10000) in paragraph at lines 100--107
\T1/ptm/m/n/12 Asso-ci-ates, Inc., 2012.  URL $\T1/pcr/m/n/12 http : / / papers
 . nips . cc / paper /
 []


Overfull \hbox (99.48195pt too wide) in paragraph at lines 100--107
\T1/pcr/m/n/12 4824-[]imagenet-[]classification-[]with-[]deep-[]convolutional-[
]neural-[]networks .
 []

[66]) [67] [68] (./diplomski_rad.aux)

LaTeX Warning: There were undefined references.


LaTeX Warning: There were multiply-defined labels.

 ) 
Here is how much of TeX's memory you used:
 8003 strings out of 493029
 114337 string characters out of 6136235
 206798 words of memory out of 5000000
 11307 multiletter control sequences out of 15000+600000
 70883 words of font info for 100 fonts, out of 8000000 for 9000
 1141 hyphenation exceptions out of 8191
 43i,23n,40p,1315b,500s stack positions out of 5000i,500n,10000p,200000b,80000s
{/usr/share/texlive/texmf-dist/fonts/enc/dvips/base/8r.enc} </home/lirfu/.tex
mf-var/fonts/pk/ljfour/public/bbm/bbm12.600pk></usr/share/texlive/texmf-dist/fo
nts/type1/public/amsfonts/cm/cmex10.pfb></usr/share/texlive/texmf-dist/fonts/ty
pe1/public/amsfonts/cm/cmmi10.pfb></usr/share/texlive/texmf-dist/fonts/type1/pu
blic/amsfonts/cm/cmmi12.pfb></usr/share/texlive/texmf-dist/fonts/type1/public/a
msfonts/cm/cmmi6.pfb></usr/share/texlive/texmf-dist/fonts/type1/public/amsfonts
/cm/cmmi8.pfb></usr/share/texlive/texmf-dist/fonts/type1/public/amsfonts/cm/cmr
10.pfb></usr/share/texlive/texmf-dist/fonts/type1/public/amsfonts/cm/cmr12.pfb>
</usr/share/texlive/texmf-dist/fonts/type1/public/amsfonts/cm/cmr6.pfb></usr/sh
are/texlive/texmf-dist/fonts/type1/public/amsfonts/cm/cmr8.pfb></usr/share/texl
ive/texmf-dist/fonts/type1/public/amsfonts/cm/cmsy10.pfb></usr/share/texlive/te
xmf-dist/fonts/type1/public/amsfonts/cm/cmsy6.pfb></usr/share/texlive/texmf-dis
t/fonts/type1/public/amsfonts/cm/cmsy8.pfb></usr/share/texlive/texmf-dist/fonts
/type1/public/amsfonts/symbols/msbm10.pfb></usr/share/texlive/texmf-dist/fonts/
type1/urw/courier/ucrr8a.pfb></usr/share/texlive/texmf-dist/fonts/type1/urw/cou
rier/ucrro8a.pfb></usr/share/texlive/texmf-dist/fonts/type1/urw/helvetic/uhvb8a
.pfb></usr/share/texlive/texmf-dist/fonts/type1/urw/helvetic/uhvr8a.pfb></usr/s
hare/texlive/texmf-dist/fonts/type1/urw/times/utmb8a.pfb></usr/share/texlive/te
xmf-dist/fonts/type1/urw/times/utmr8a.pfb></usr/share/texlive/texmf-dist/fonts/
type1/urw/times/utmr8a.pfb></usr/share/texlive/texmf-dist/fonts/type1/urw/times
/utmri8a.pfb>
Output written on diplomski_rad.pdf (74 pages, 6126051 bytes).
PDF statistics:
 9832 PDF objects out of 10688 (max. 8388607)
 5902 compressed objects within 60 object streams
 0 named destinations out of 1000 (max. 500000)
 231 words of extra memory for PDF output out of 10000 (max. 10000000)

